<?xml version="1.0" encoding="UTF-8"?>
<!-- Generated by org.testng.reporters.JUnitReportReporter -->
<testsuite hostname="INLEN8520067332" failures="0" tests="1" name="Test.LoginTest" time="13.702" errors="0" timestamp="2023-01-24T14:18:47 IST" skipped="0">
  <testcase classname="Test.LoginTest" name="Login" time="13.702"/>
  <system-out/>
</testsuite> <!-- Test.LoginTest -->
